<?xml version="1.0" encoding="UTF-8"?>
<robot generator="Robot 6.0.2 (Python 3.11.1 on win32)" generated="20230212 15:19:39.890" rpa="false" schemaversion="3">
<suite id="s1" name="Test Robotframework" source="C:\Users\Admin\Documents\GitHub\test_robotframework">
<suite id="s1-s1" name="Test Login Rf" source="C:\Users\Admin\Documents\GitHub\test_robotframework\test_login_rf.robot">
<test id="s1-s1-t1" name="Log in to the system" line="16">
<kw name="Open login page">
<kw name="Open Browser" library="SeleniumLibrary">
<arg>${LOGIN URL}</arg>
<arg>${BROWSER}</arg>
<doc>Opens a new browser instance to the optional ``url``.</doc>
<msg timestamp="20230212 15:19:40.172" level="INFO">Opening browser 'Chrome' to base url 'https://scouts-test.futbolkolektyw.pl/en'.</msg>
<status status="PASS" starttime="20230212 15:19:40.171" endtime="20230212 15:19:43.156"/>
</kw>
<kw name="Title Should Be" library="SeleniumLibrary">
<arg>Scouts panel - sign in</arg>
<doc>Verifies that the current page title equals ``title``.</doc>
<msg timestamp="20230212 15:19:43.165" level="INFO">Page title is 'Scouts panel - sign in'.</msg>
<status status="PASS" starttime="20230212 15:19:43.157" endtime="20230212 15:19:43.165"/>
</kw>
<status status="PASS" starttime="20230212 15:19:40.171" endtime="20230212 15:19:43.165"/>
</kw>
<kw name="Type in email">
<kw name="Input Text" library="SeleniumLibrary">
<arg>${EMAILFIELD}</arg>
<arg>user01@getnada.com</arg>
<doc>Types the given ``text`` into the text field identified by ``locator``.</doc>
<msg timestamp="20230212 15:19:43.166" level="INFO">Typing text 'user01@getnada.com' into text field 'xpath=//*[@id='login']'.</msg>
<status status="PASS" starttime="20230212 15:19:43.166" endtime="20230212 15:19:43.373"/>
</kw>
<status status="PASS" starttime="20230212 15:19:43.165" endtime="20230212 15:19:43.373"/>
</kw>
<kw name="Type in password">
<kw name="Input Password" library="SeleniumLibrary">
<arg>${PASSWORDFIELD}</arg>
<arg>Test-1234</arg>
<doc>Types the given password into the text field identified by ``locator``.</doc>
<msg timestamp="20230212 15:19:43.374" level="INFO">Typing password into text field 'xpath=//*[@id='password']'.</msg>
<msg timestamp="20230212 15:19:43.405" level="INFO">Temporally setting log level to: NONE</msg>
<msg timestamp="20230212 15:19:43.470" level="INFO">Log level changed from NONE to INFO.</msg>
<status status="PASS" starttime="20230212 15:19:43.373" endtime="20230212 15:19:43.471"/>
</kw>
<status status="PASS" starttime="20230212 15:19:43.373" endtime="20230212 15:19:43.471"/>
</kw>
<kw name="Click on the Submit button">
<kw name="Click Element" library="SeleniumLibrary">
<arg>${SIGNINBUTTON}</arg>
<doc>Click the element identified by ``locator``.</doc>
<msg timestamp="20230212 15:19:43.472" level="INFO">Clicking element 'xpath=//button[@type='submit']'.</msg>
<status status="PASS" starttime="20230212 15:19:43.471" endtime="20230212 15:19:43.546"/>
</kw>
<status status="PASS" starttime="20230212 15:19:43.471" endtime="20230212 15:19:43.546"/>
</kw>
<kw name="Assert dashboard">
<kw name="Capture Page Screenshot" library="SeleniumLibrary">
<arg>singout.png</arg>
<doc>Takes a screenshot of the current page and embeds it into a log file.</doc>
<msg timestamp="20230212 15:19:43.771" level="INFO" html="true">&lt;/td&gt;&lt;/tr&gt;&lt;tr&gt;&lt;td colspan="3"&gt;&lt;a href="singout.png"&gt;&lt;img src="singout.png" width="800px"&gt;&lt;/a&gt;</msg>
<status status="PASS" starttime="20230212 15:19:43.547" endtime="20230212 15:19:43.771"/>
</kw>
<status status="PASS" starttime="20230212 15:19:43.547" endtime="20230212 15:19:43.771"/>
</kw>
<kw name="Close Browser" library="SeleniumLibrary" type="TEARDOWN">
<doc>Closes the current browser.</doc>
<status status="PASS" starttime="20230212 15:19:43.771" endtime="20230212 15:19:45.927"/>
</kw>
<status status="PASS" starttime="20230212 15:19:40.170" endtime="20230212 15:19:45.928"/>
</test>
<doc>Suite description #automated tests for scout website</doc>
<status status="PASS" starttime="20230212 15:19:39.920" endtime="20230212 15:19:45.929"/>
</suite>
<status status="PASS" starttime="20230212 15:19:39.893" endtime="20230212 15:19:45.931"/>
</suite>
<statistics>
<total>
<stat pass="1" fail="0" skip="0">All Tests</stat>
</total>
<tag>
</tag>
<suite>
<stat pass="1" fail="0" skip="0" id="s1" name="Test Robotframework">Test Robotframework</stat>
<stat pass="1" fail="0" skip="0" id="s1-s1" name="Test Login Rf">Test Robotframework.Test Login Rf</stat>
</suite>
</statistics>
<errors>
</errors>
</robot>
